<?xml version="1.0" encoding="UTF-8"?>
<testsuite name="com.example.demo.ApiSinPaginacionApplicationTests" tests="1" skipped="0" failures="0" errors="0" timestamp="2023-10-10T15:52:37" hostname="PABLO" time="0.902">
  <properties/>
  <testcase name="contextLoads()" classname="com.example.demo.ApiSinPaginacionApplicationTests" time="0.902"/>
  <system-out><![CDATA[12:52:28.050 [Test worker] INFO org.springframework.test.context.support.AnnotationConfigContextLoaderUtils -- Could not detect default configuration classes for test class [com.example.demo.ApiSinPaginacionApplicationTests]: ApiSinPaginacionApplicationTests does not declare any static, non-private, non-final, nested classes annotated with @Configuration.
12:52:28.238 [Test worker] INFO org.springframework.boot.test.context.SpringBootTestContextBootstrapper -- Found @SpringBootConfiguration com.example.demo.ApiSinPaginacionApplication for test class com.example.demo.ApiSinPaginacionApplicationTests

  .   ____          _            __ _ _
 /\\ / ___'_ __ _ _(_)_ __  __ _ \ \ \ \
( ( )\___ | '_ | '_| | '_ \/ _` | \ \ \ \
 \\/  ___)| |_)| | | | | || (_| |  ) ) ) )
  '  |____| .__|_| |_|_| |_\__, | / / / /
 =========|_|==============|___/=/_/_/_/
 :: Spring Boot ::                (v3.1.4)

2023-10-10T12:52:28.978-03:00  INFO 13532 --- [    Test worker] c.e.d.ApiSinPaginacionApplicationTests   : Starting ApiSinPaginacionApplicationTests using Java 17.0.8 with PID 13532 (started by pablo in E:\Disco\Document\JPA\parcial\TpAPISinPaginacion)
2023-10-10T12:52:28.981-03:00  INFO 13532 --- [    Test worker] c.e.d.ApiSinPaginacionApplicationTests   : No active profile set, falling back to 1 default profile: "default"
2023-10-10T12:52:30.675-03:00  INFO 13532 --- [    Test worker] .s.d.r.c.RepositoryConfigurationDelegate : Bootstrapping Spring Data JPA repositories in DEFAULT mode.
2023-10-10T12:52:30.811-03:00  INFO 13532 --- [    Test worker] .s.d.r.c.RepositoryConfigurationDelegate : Finished Spring Data repository scanning in 123 ms. Found 5 JPA repository interfaces.
2023-10-10T12:52:31.783-03:00  INFO 13532 --- [    Test worker] o.hibernate.jpa.internal.util.LogHelper  : HHH000204: Processing PersistenceUnitInfo [name: default]
2023-10-10T12:52:31.884-03:00  INFO 13532 --- [    Test worker] org.hibernate.Version                    : HHH000412: Hibernate ORM core version 6.2.9.Final
2023-10-10T12:52:31.889-03:00  INFO 13532 --- [    Test worker] org.hibernate.cfg.Environment            : HHH000406: Using bytecode reflection optimizer
2023-10-10T12:52:32.131-03:00  INFO 13532 --- [    Test worker] o.h.b.i.BytecodeProviderInitiator        : HHH000021: Bytecode provider name : bytebuddy
2023-10-10T12:52:32.448-03:00  INFO 13532 --- [    Test worker] o.s.o.j.p.SpringPersistenceUnitInfo      : No LoadTimeWeaver setup: ignoring JPA class transformer
2023-10-10T12:52:32.481-03:00  INFO 13532 --- [    Test worker] com.zaxxer.hikari.HikariDataSource       : HikariPool-1 - Starting...
2023-10-10T12:52:32.830-03:00  INFO 13532 --- [    Test worker] com.zaxxer.hikari.pool.HikariPool        : HikariPool-1 - Added connection conn0: url=jdbc:h2:mem:./test user=SA-USR
2023-10-10T12:52:32.833-03:00  INFO 13532 --- [    Test worker] com.zaxxer.hikari.HikariDataSource       : HikariPool-1 - Start completed.
2023-10-10T12:52:33.432-03:00  INFO 13532 --- [    Test worker] o.h.b.i.BytecodeProviderInitiator        : HHH000021: Bytecode provider name : bytebuddy
2023-10-10T12:52:34.648-03:00  INFO 13532 --- [    Test worker] o.h.e.t.j.p.i.JtaPlatformInitiator       : HHH000490: Using JtaPlatform implementation: [org.hibernate.engine.transaction.jta.platform.internal.NoJtaPlatform]
Hibernate: create table autor (id integer generated by default as identity, first_name varchar(255), biography varchar(1500), name varchar(255), primary key (id))
Hibernate: create table domicilio (id integer generated by default as identity, street varchar(255), number integer, localidad_id integer, primary key (id))
Hibernate: create table libro (id integer generated by default as identity, date integer, gender varchar(255), pages integer, title varchar(255), primary key (id))
Hibernate: create table libro_autor (libro_id integer not null, autor_id integer not null)
Hibernate: create table localidad (id integer generated by default as identity, denomination varchar(255), primary key (id))
Hibernate: create table persona (id integer generated by default as identity, last_name varchar(255), dni integer, first_name varchar(255), domicilio_id integer, primary key (id))
Hibernate: create table "persona-libro" (persona_id integer not null, libro_id integer not null)
Hibernate: alter table if exists persona drop constraint if exists UK_k2cp7qbfi780x0x5x0y42pnj6
Hibernate: alter table if exists persona add constraint UK_k2cp7qbfi780x0x5x0y42pnj6 unique (domicilio_id)
Hibernate: alter table if exists "persona-libro" drop constraint if exists UK_mspts5x056v4fklh22vy9ea51
Hibernate: alter table if exists "persona-libro" add constraint UK_mspts5x056v4fklh22vy9ea51 unique (libro_id)
Hibernate: alter table if exists domicilio add constraint FK8t63gx4v022qapv45vdwld71j foreign key (localidad_id) references localidad
Hibernate: alter table if exists libro_autor add constraint FKjf2fhkw7ta2mvhhiugwd6k2tn foreign key (autor_id) references autor
Hibernate: alter table if exists libro_autor add constraint FKk7238iexfym9eoh3s1uof6a1s foreign key (libro_id) references libro
Hibernate: alter table if exists persona add constraint FKn3vkpx4b7w8srg10ohh1upive foreign key (domicilio_id) references domicilio
Hibernate: alter table if exists "persona-libro" add constraint FK69d52hkqwkxruae5sr8nqn9qk foreign key (libro_id) references libro
Hibernate: alter table if exists "persona-libro" add constraint FKfobknbbxid3dlg21t39u9ctli foreign key (persona_id) references persona
2023-10-10T12:52:34.791-03:00  INFO 13532 --- [    Test worker] j.LocalContainerEntityManagerFactoryBean : Initialized JPA EntityManagerFactory for persistence unit 'default'
2023-10-10T12:52:36.053-03:00  WARN 13532 --- [    Test worker] JpaBaseConfiguration$JpaWebConfiguration : spring.jpa.open-in-view is enabled by default. Therefore, database queries may be performed during view rendering. Explicitly configure spring.jpa.open-in-view to disable this warning
2023-10-10T12:52:37.328-03:00  INFO 13532 --- [    Test worker] o.s.b.a.h2.H2ConsoleAutoConfiguration    : H2 console available at '/h2-console'. Database available at 'jdbc:h2:mem:./test'
2023-10-10T12:52:37.427-03:00  INFO 13532 --- [    Test worker] c.e.d.ApiSinPaginacionApplicationTests   : Started ApiSinPaginacionApplicationTests in 8.876 seconds (process running for 11.124)
]]></system-out>
  <system-err><![CDATA[]]></system-err>
</testsuite>
